Arguments: 
  C:\Program Files\nodejs\node.exe C:\Program Files (x86)\Yarn\bin\yarn.js init

PATH: 
  C:\Program Files (x86)\Intel\Intel(R) Management Engine Components\iCLS\;C:\Program Files\Intel\Intel(R) Management Engine Components\iCLS\;C:\WINDOWS\system32;C:\WINDOWS;C:\WINDOWS\System32\Wbem;C:\WINDOWS\System32\WindowsPowerShell\v1.0\;C:\Program Files\Git\cmd;C:\WINDOWS\System32\OpenSSH\;C:\ProgramData\chocolatey\bin;C:\Program Files (x86)\Intel\Intel(R) Management Engine Components\DAL;C:\Program Files\Intel\Intel(R) Management Engine Components\DAL;C:\Program Files (x86)\Intel\Intel(R) Management Engine Components\IPT;C:\Program Files\Intel\Intel(R) Management Engine Components\IPT;C:\Program Files\Java\jdk1.8.0_191\bin;C:\Program Files\nodejs\;C:\Program Files (x86)\Yarn\bin\;C:\Python27;C:\Python27\Scripts;C:\Users\Najam\ngrok;C:\Users\Najam\AppData\Local\Microsoft\WindowsApps;C:\Users\Najam\AppData\Local\Programs\Microsoft VS Code\bin;C:\Users\Najam\Documents\WindowsPowerShell\Scripts;C:\Users\Najam\AppData\Roaming\npm;C:\Users\Najam\AppData\Local\Yarn\bin;C:\Program Files\heroku\bin;C:\adb;c:\Program Files (x86)\Microsoft SQL Server\100\Tools\Binn\;c:\Program Files\Microsoft SQL Server\100\Tools\Binn\;c:\Program Files\Microsoft SQL Server\100\DTS\Binn\;c:\Program Files (x86)\Microsoft SQL Server\100\Tools\Binn\VSShell\Common7\IDE\;c:\Program Files (x86)\Microsoft SQL Server\100\DTS\Binn\;C:\Users\Najam\AppData\Local\Microsoft\WindowsApps;C:\Users\Najam\AppData\Local\Programs\Microsoft VS Code\bin;C:\Users\Najam\Documents\WindowsPowerShell\Scripts;C:\Users\Najam\AppData\Roaming\npm;C:\Users\Najam\AppData\Local\Yarn\bin;C:\Program Files\heroku\bin;C:\Program Files\MongoDB\Server\4.0\bin;

Yarn version: 
  1.12.1

Node version: 
  10.13.0

Platform: 
  win32 x64

Trace: 
  Error: canceled
      at Interface.<anonymous> (C:\Program Files (x86)\Yarn\lib\cli.js:120807:13)
      at Interface.emit (events.js:182:13)
      at Interface._ttyWrite (readline.js:783:16)
      at ReadStream.onkeypress (readline.js:168:10)
      at ReadStream.emit (events.js:182:13)
      at emitKeys (internal/readline.js:424:14)
      at emitKeys.next (<anonymous>)
      at ReadStream.onData (readline.js:1022:36)
      at ReadStream.emit (events.js:182:13)
      at addChunk (_stream_readable.js:283:12)

npm manifest: 
  No manifest

yarn manifest: 
  No manifest

Lockfile: 
  No lockfile
